<?xml version="1.0" encoding="UTF-8"?>
<testsuite xmlns:xsi="http://www.w3.org/2001/XMLSchema-instance" xsi:noNamespaceSchemaLocation="https://maven.apache.org/surefire/maven-surefire-plugin/xsd/surefire-test-report-3.0.xsd" version="3.0" name="com.iteratrlearning.shu_book.chapter_04.DocumentManagementSystemTest" time="0.136" tests="1" errors="0" skipped="0" failures="0">
  <properties>
[...]
</properties>
  <testcase name="searchByQuery" classname="com.iteratrlearning.shu_book.chapter_04.DocumentManagementSystemTest" time="0.032">
    <system-out><![CDATA[splitByComa 요소 확인
patient:Joe
 body:Diet Coke

splitByColonList 요소 확인
[Ljava.lang.String;@15de0b3c
[Ljava.lang.String;@489115ef

clauses 요소 확인
 body: Diet Coke
patient: Joe
]]></system-out>
  </testcase>
</testsuite>